<?xml version="1.0" encoding="UTF-8"?>
<testsuite name="CalculatorTest" tests="2" skipped="0" failures="0" errors="0" timestamp="2021-05-08T05:56:18" hostname="MacBook-Pro.local" time="0.004">
  <properties/>
  <testcase name="divide" classname="CalculatorTest" time="0.004"/>
  <testcase name="multiply" classname="CalculatorTest" time="0.0"/>
  <system-out><![CDATA[]]></system-out>
  <system-err><![CDATA[]]></system-err>
</testsuite>
